Using pre-set license
Built from '2020.2/release' branch; Version is '2020.2.0f1 (3721df5a8b28) revision 3613151'; Using compiler version '192528614'; Build Type 'Release'
OS: 'Windows 10  (10.0.0) 64bit' Language: 'en' Physical Memory: 16309 MB
BatchMode: 1, IsHumanControllingUs: 0, StartBugReporterOnCrash: 0, Is64bit: 1, IsPro: 0

 COMMAND LINE ARGUMENTS:
D:\Unity\Editors\2020.2.0f1\Editor\Unity.exe
-adb2
-batchMode
-noUpm
-name
AssetImportWorker1
-projectPath
D:/Games/GitHub/Abisheik Thuraiyan - BFBS - Technical Test
-logFile
Logs/AssetImportWorker1.log
-srvPort
54577
Successfully changed project path to: D:/Games/GitHub/Abisheik Thuraiyan - BFBS - Technical Test
D:/Games/GitHub/Abisheik Thuraiyan - BFBS - Technical Test
Using Asset Import Pipeline V2.
Refreshing native plugins compatible for Editor in 32.05 ms, found 1 plugins.
Preloading 0 native plugins for Editor in 0.00 ms.
Initialize engine version: 2020.2.0f1 (3721df5a8b28)
[Subsystems] Discovering subsystems at path D:/Unity/Editors/2020.2.0f1/Editor/Data/Resources/UnitySubsystems
[Subsystems] Discovering subsystems at path D:/Games/GitHub/Abisheik Thuraiyan - BFBS - Technical Test/Assets
GfxDevice: creating device client; threaded=0
Direct3D:
    Version:  Direct3D 11.0 [level 11.1]
    Renderer: Radeon RX 580 Series (ID=0x67df)
    Vendor:   
    VRAM:     8171 MB
    Driver:   27.20.14501.18003
Initialize mono
Mono path[0] = 'D:/Unity/Editors/2020.2.0f1/Editor/Data/Managed'
Mono path[1] = 'D:/Unity/Editors/2020.2.0f1/Editor/Data/MonoBleedingEdge/lib/mono/unityjit'
Mono config path = 'D:/Unity/Editors/2020.2.0f1/Editor/Data/MonoBleedingEdge/etc'
Using monoOptions --debugger-agent=transport=dt_socket,embedding=1,server=y,suspend=n,address=127.0.0.1:56268
Begin MonoManager ReloadAssembly
Registering precompiled unity dll's ...
Register platform support module: D:/Unity/Editors/2020.2.0f1/Editor/Data/PlaybackEngines/WindowsStandaloneSupport/UnityEditor.WindowsStandalone.Extensions.dll
Registered in 0.001274 seconds.
Native extension for WindowsStandalone target not found
Refreshing native plugins compatible for Editor in 31.23 ms, found 1 plugins.
Preloading 0 native plugins for Editor in 0.00 ms.
Invoked RoslynAnalysisRunner static constructor.
RoslynAnalysisRunner will not be running.
RoslynAnalysisRunner has terminated.
Mono: successfully reloaded assembly
- Completed reload, in  2.110 seconds
Platform modules already initialized, skipping
Registering precompiled user dll's ...
Registered in 0.000763 seconds.
Begin MonoManager ReloadAssembly
Native extension for WindowsStandalone target not found
Refreshing native plugins compatible for Editor in 35.46 ms, found 1 plugins.
Preloading 0 native plugins for Editor in 0.00 ms.
Invoked RoslynAnalysisRunner static constructor.
RoslynAnalysisRunner will not be running.
RoslynAnalysisRunner has terminated.
Mono: successfully reloaded assembly
- Completed reload, in  0.831 seconds
Platform modules already initialized, skipping
========================================================================
Worker process is ready to serve import requests
Launched and connected shader compiler UnityShaderCompiler.exe after 0.12 seconds
Refreshing native plugins compatible for Editor in 0.45 ms, found 1 plugins.
Preloading 0 native plugins for Editor in 0.00 ms.
Unloading 1790 Unused Serialized files (Serialized files now loaded: 0)
System memory in use before: 83.8 MB.
System memory in use after: 83.8 MB.

Unloading 24 unused Assets to reduce memory usage. Loaded Objects now: 2230.
Total: 1.921400 ms (FindLiveObjects: 0.239300 ms CreateObjectMapping: 0.052700 ms MarkObjects: 1.516400 ms  DeleteObjects: 0.111900 ms)

========================================================================
Received Import Request.
  path: Assets/Scenes/Level1.unity
  artifactKey: Guid(2cda990e2423bbf4892e6590ba056729) Importer(815301076,1909f56bfc062723c751e8b465ee728b)
Start importing Assets/Scenes/Level1.unity using Guid(2cda990e2423bbf4892e6590ba056729) Importer(815301076,1909f56bfc062723c751e8b465ee728b)  -> (artifact id: '46ce6d99744490d50a91c6b04ffc6d50') in 0.015727 seconds
  Import took 0.018672 seconds .

========================================================================
Received Import Request.
  Time since last request: 50.590239 seconds.
  path: Assets/gameSystems.cs
  artifactKey: Guid(e764ea53b0a157b4188060f249bf07fc) Importer(815301076,1909f56bfc062723c751e8b465ee728b)
Start importing Assets/gameSystems.cs using Guid(e764ea53b0a157b4188060f249bf07fc) Importer(815301076,1909f56bfc062723c751e8b465ee728b)  -> (artifact id: 'e4116e54c669fa769ad69d443b0a5a5b') in 0.025099 seconds
  Import took 0.027940 seconds .

========================================================================
Received Prepare
Registering precompiled user dll's ...
Registered in 0.000810 seconds.
Begin MonoManager ReloadAssembly
Native extension for WindowsStandalone target not found
Refreshing native plugins compatible for Editor in 0.39 ms, found 1 plugins.
Preloading 0 native plugins for Editor in 0.00 ms.
Invoked RoslynAnalysisRunner static constructor.
RoslynAnalysisRunner will not be running.
RoslynAnalysisRunner has terminated.
Mono: successfully reloaded assembly
- Completed reload, in  0.719 seconds
Platform modules already initialized, skipping
Refreshing native plugins compatible for Editor in 0.52 ms, found 1 plugins.
Preloading 0 native plugins for Editor in 0.00 ms.
Unloading 1785 Unused Serialized files (Serialized files now loaded: 0)
System memory in use before: 83.8 MB.
System memory in use after: 83.8 MB.

Unloading 12 unused Assets to reduce memory usage. Loaded Objects now: 2233.
Total: 2.076200 ms (FindLiveObjects: 0.235200 ms CreateObjectMapping: 0.037000 ms MarkObjects: 1.703200 ms  DeleteObjects: 0.099300 ms)

========================================================================
Received Import Request.
  Time since last request: 40.964779 seconds.
  path: Assets/gameSystems.cs
  artifactKey: Guid(e764ea53b0a157b4188060f249bf07fc) Importer(815301076,1909f56bfc062723c751e8b465ee728b)
Start importing Assets/gameSystems.cs using Guid(e764ea53b0a157b4188060f249bf07fc) Importer(815301076,1909f56bfc062723c751e8b465ee728b)  -> (artifact id: '162ea7ffea9696d410fe5a165fbc6a6e') in 0.005069 seconds
  Import took 0.007936 seconds .

========================================================================
Received Prepare
Registering precompiled user dll's ...
Registered in 0.000871 seconds.
Begin MonoManager ReloadAssembly
Native extension for WindowsStandalone target not found
Refreshing native plugins compatible for Editor in 0.39 ms, found 1 plugins.
Preloading 0 native plugins for Editor in 0.00 ms.
Invoked RoslynAnalysisRunner static constructor.
RoslynAnalysisRunner will not be running.
RoslynAnalysisRunner has terminated.
Mono: successfully reloaded assembly
- Completed reload, in  0.707 seconds
Platform modules already initialized, skipping
Refreshing native plugins compatible for Editor in 0.28 ms, found 1 plugins.
Preloading 0 native plugins for Editor in 0.00 ms.
Unloading 1785 Unused Serialized files (Serialized files now loaded: 0)
System memory in use before: 83.9 MB.
System memory in use after: 83.9 MB.

Unloading 12 unused Assets to reduce memory usage. Loaded Objects now: 2236.
Total: 1.944300 ms (FindLiveObjects: 0.229700 ms CreateObjectMapping: 0.041000 ms MarkObjects: 1.589200 ms  DeleteObjects: 0.083500 ms)

========================================================================
Received Import Request.
  Time since last request: 18.195489 seconds.
  path: Assets/gameSystems.cs
  artifactKey: Guid(e764ea53b0a157b4188060f249bf07fc) Importer(815301076,1909f56bfc062723c751e8b465ee728b)
Start importing Assets/gameSystems.cs using Guid(e764ea53b0a157b4188060f249bf07fc) Importer(815301076,1909f56bfc062723c751e8b465ee728b)  -> (artifact id: '883365167e8701a69832aba8f17fd289') in 0.004549 seconds
  Import took 0.007276 seconds .

========================================================================
Received Import Request.
  Time since last request: 0.035215 seconds.
  path: Assets/gameSystems.cs
  artifactKey: Guid(e764ea53b0a157b4188060f249bf07fc) Importer(815301076,1909f56bfc062723c751e8b465ee728b)
Start importing Assets/gameSystems.cs using Guid(e764ea53b0a157b4188060f249bf07fc) Importer(815301076,1909f56bfc062723c751e8b465ee728b)  -> (artifact id: '883365167e8701a69832aba8f17fd289') in 0.001869 seconds
  Import took 0.004441 seconds .

========================================================================
Received Prepare
Registering precompiled user dll's ...
Registered in 0.001127 seconds.
Begin MonoManager ReloadAssembly
Native extension for WindowsStandalone target not found
Refreshing native plugins compatible for Editor in 0.45 ms, found 1 plugins.
Preloading 0 native plugins for Editor in 0.00 ms.
Invoked RoslynAnalysisRunner static constructor.
RoslynAnalysisRunner will not be running.
RoslynAnalysisRunner has terminated.
Mono: successfully reloaded assembly
- Completed reload, in  0.748 seconds
Platform modules already initialized, skipping
Refreshing native plugins compatible for Editor in 0.45 ms, found 1 plugins.
Preloading 0 native plugins for Editor in 0.00 ms.
Unloading 1785 Unused Serialized files (Serialized files now loaded: 0)
System memory in use before: 84.0 MB.
System memory in use after: 84.0 MB.

Unloading 12 unused Assets to reduce memory usage. Loaded Objects now: 2239.
Total: 2.166900 ms (FindLiveObjects: 0.213500 ms CreateObjectMapping: 0.037600 ms MarkObjects: 1.818100 ms  DeleteObjects: 0.096700 ms)

========================================================================
Received Prepare
Registering precompiled user dll's ...
Registered in 0.001006 seconds.
Begin MonoManager ReloadAssembly
Native extension for WindowsStandalone target not found
Refreshing native plugins compatible for Editor in 0.42 ms, found 1 plugins.
Preloading 0 native plugins for Editor in 0.00 ms.
Invoked RoslynAnalysisRunner static constructor.
RoslynAnalysisRunner will not be running.
RoslynAnalysisRunner has terminated.
Mono: successfully reloaded assembly
- Completed reload, in  0.698 seconds
Platform modules already initialized, skipping
Refreshing native plugins compatible for Editor in 0.42 ms, found 1 plugins.
Preloading 0 native plugins for Editor in 0.00 ms.
Unloading 1785 Unused Serialized files (Serialized files now loaded: 0)
System memory in use before: 84.1 MB.
System memory in use after: 84.1 MB.

Unloading 12 unused Assets to reduce memory usage. Loaded Objects now: 2242.
Total: 1.915700 ms (FindLiveObjects: 0.212200 ms CreateObjectMapping: 0.038300 ms MarkObjects: 1.538300 ms  DeleteObjects: 0.125700 ms)

========================================================================
Received Prepare
Registering precompiled user dll's ...
Registered in 0.000922 seconds.
Begin MonoManager ReloadAssembly
Native extension for WindowsStandalone target not found
Refreshing native plugins compatible for Editor in 0.42 ms, found 1 plugins.
Preloading 0 native plugins for Editor in 0.00 ms.
Invoked RoslynAnalysisRunner static constructor.
RoslynAnalysisRunner will not be running.
RoslynAnalysisRunner has terminated.
Mono: successfully reloaded assembly
- Completed reload, in  0.712 seconds
Platform modules already initialized, skipping
Refreshing native plugins compatible for Editor in 0.42 ms, found 1 plugins.
Preloading 0 native plugins for Editor in 0.00 ms.
Unloading 1785 Unused Serialized files (Serialized files now loaded: 0)
System memory in use before: 84.1 MB.
System memory in use after: 84.1 MB.

Unloading 12 unused Assets to reduce memory usage. Loaded Objects now: 2245.
Total: 2.370700 ms (FindLiveObjects: 0.245100 ms CreateObjectMapping: 0.074200 ms MarkObjects: 1.912900 ms  DeleteObjects: 0.137400 ms)

========================================================================
Received Prepare
Registering precompiled user dll's ...
Registered in 0.001033 seconds.
Begin MonoManager ReloadAssembly
Native extension for WindowsStandalone target not found
Refreshing native plugins compatible for Editor in 0.41 ms, found 1 plugins.
Preloading 0 native plugins for Editor in 0.00 ms.
Invoked RoslynAnalysisRunner static constructor.
RoslynAnalysisRunner will not be running.
RoslynAnalysisRunner has terminated.
Mono: successfully reloaded assembly
- Completed reload, in  0.720 seconds
Platform modules already initialized, skipping
Refreshing native plugins compatible for Editor in 0.31 ms, found 1 plugins.
Preloading 0 native plugins for Editor in 0.00 ms.
Unloading 1785 Unused Serialized files (Serialized files now loaded: 0)
System memory in use before: 84.2 MB.
System memory in use after: 84.2 MB.

Unloading 12 unused Assets to reduce memory usage. Loaded Objects now: 2248.
Total: 2.307400 ms (FindLiveObjects: 0.210400 ms CreateObjectMapping: 0.041900 ms MarkObjects: 1.952000 ms  DeleteObjects: 0.101900 ms)

========================================================================
Received Prepare
Registering precompiled user dll's ...
Registered in 0.000959 seconds.
Begin MonoManager ReloadAssembly
Native extension for WindowsStandalone target not found
Refreshing native plugins compatible for Editor in 0.45 ms, found 1 plugins.
Preloading 0 native plugins for Editor in 0.00 ms.
Invoked RoslynAnalysisRunner static constructor.
RoslynAnalysisRunner will not be running.
RoslynAnalysisRunner has terminated.
Mono: successfully reloaded assembly
- Completed reload, in  0.702 seconds
Platform modules already initialized, skipping
Refreshing native plugins compatible for Editor in 0.40 ms, found 1 plugins.
Preloading 0 native plugins for Editor in 0.00 ms.
Unloading 1785 Unused Serialized files (Serialized files now loaded: 0)
System memory in use before: 84.3 MB.
System memory in use after: 84.3 MB.

Unloading 12 unused Assets to reduce memory usage. Loaded Objects now: 2251.
Total: 2.284000 ms (FindLiveObjects: 0.238200 ms CreateObjectMapping: 0.039300 ms MarkObjects: 1.907100 ms  DeleteObjects: 0.098300 ms)

========================================================================
Received Prepare
Registering precompiled user dll's ...
Registered in 0.000900 seconds.
Begin MonoManager ReloadAssembly
Native extension for WindowsStandalone target not found
Refreshing native plugins compatible for Editor in 0.44 ms, found 1 plugins.
Preloading 0 native plugins for Editor in 0.00 ms.
Invoked RoslynAnalysisRunner static constructor.
RoslynAnalysisRunner will not be running.
RoslynAnalysisRunner has terminated.
Mono: successfully reloaded assembly
- Completed reload, in  0.737 seconds
Platform modules already initialized, skipping
Refreshing native plugins compatible for Editor in 0.40 ms, found 1 plugins.
Preloading 0 native plugins for Editor in 0.00 ms.
Unloading 1785 Unused Serialized files (Serialized files now loaded: 0)
System memory in use before: 84.3 MB.
System memory in use after: 84.3 MB.

Unloading 12 unused Assets to reduce memory usage. Loaded Objects now: 2254.
Total: 2.009700 ms (FindLiveObjects: 0.316500 ms CreateObjectMapping: 0.057100 ms MarkObjects: 1.525100 ms  DeleteObjects: 0.109000 ms)

========================================================================
Received Prepare
Registering precompiled user dll's ...
Registered in 0.000798 seconds.
Begin MonoManager ReloadAssembly
Native extension for WindowsStandalone target not found
Refreshing native plugins compatible for Editor in 0.43 ms, found 1 plugins.
Preloading 0 native plugins for Editor in 0.00 ms.
Invoked RoslynAnalysisRunner static constructor.
RoslynAnalysisRunner will not be running.
RoslynAnalysisRunner has terminated.
Mono: successfully reloaded assembly
- Completed reload, in  0.722 seconds
Platform modules already initialized, skipping
Refreshing native plugins compatible for Editor in 0.41 ms, found 1 plugins.
Preloading 0 native plugins for Editor in 0.00 ms.
Unloading 1785 Unused Serialized files (Serialized files now loaded: 0)
System memory in use before: 84.4 MB.
System memory in use after: 84.4 MB.

Unloading 12 unused Assets to reduce memory usage. Loaded Objects now: 2257.
Total: 1.865200 ms (FindLiveObjects: 0.200900 ms CreateObjectMapping: 0.037500 ms MarkObjects: 1.531500 ms  DeleteObjects: 0.094500 ms)

========================================================================
Received Prepare
Registering precompiled user dll's ...
Registered in 0.000928 seconds.
Begin MonoManager ReloadAssembly
Native extension for WindowsStandalone target not found
Refreshing native plugins compatible for Editor in 0.45 ms, found 1 plugins.
Preloading 0 native plugins for Editor in 0.00 ms.
Invoked RoslynAnalysisRunner static constructor.
RoslynAnalysisRunner will not be running.
RoslynAnalysisRunner has terminated.
Mono: successfully reloaded assembly
- Completed reload, in  0.715 seconds
Platform modules already initialized, skipping
Refreshing native plugins compatible for Editor in 0.35 ms, found 1 plugins.
Preloading 0 native plugins for Editor in 0.00 ms.
Unloading 1785 Unused Serialized files (Serialized files now loaded: 0)
System memory in use before: 84.5 MB.
System memory in use after: 84.5 MB.

Unloading 12 unused Assets to reduce memory usage. Loaded Objects now: 2260.
Total: 2.296500 ms (FindLiveObjects: 0.320900 ms CreateObjectMapping: 0.054300 ms MarkObjects: 1.818200 ms  DeleteObjects: 0.101800 ms)

========================================================================
Received Prepare
Registering precompiled user dll's ...
Registered in 0.000833 seconds.
Begin MonoManager ReloadAssembly
Native extension for WindowsStandalone target not found
Refreshing native plugins compatible for Editor in 0.42 ms, found 1 plugins.
Preloading 0 native plugins for Editor in 0.00 ms.
Invoked RoslynAnalysisRunner static constructor.
RoslynAnalysisRunner will not be running.
RoslynAnalysisRunner has terminated.
Mono: successfully reloaded assembly
- Completed reload, in  0.693 seconds
Platform modules already initialized, skipping
Refreshing native plugins compatible for Editor in 0.38 ms, found 1 plugins.
Preloading 0 native plugins for Editor in 0.00 ms.
Unloading 1785 Unused Serialized files (Serialized files now loaded: 0)
System memory in use before: 84.5 MB.
System memory in use after: 84.5 MB.

Unloading 12 unused Assets to reduce memory usage. Loaded Objects now: 2263.
Total: 2.658400 ms (FindLiveObjects: 0.304000 ms CreateObjectMapping: 0.052500 ms MarkObjects: 2.205800 ms  DeleteObjects: 0.095100 ms)

========================================================================
Received Prepare
Registering precompiled user dll's ...
Registered in 0.000989 seconds.
Begin MonoManager ReloadAssembly
Native extension for WindowsStandalone target not found
Refreshing native plugins compatible for Editor in 0.45 ms, found 1 plugins.
Preloading 0 native plugins for Editor in 0.00 ms.
Invoked RoslynAnalysisRunner static constructor.
RoslynAnalysisRunner will not be running.
RoslynAnalysisRunner has terminated.
Mono: successfully reloaded assembly
- Completed reload, in  0.737 seconds
Platform modules already initialized, skipping
Refreshing native plugins compatible for Editor in 0.40 ms, found 1 plugins.
Preloading 0 native plugins for Editor in 0.00 ms.
Unloading 1785 Unused Serialized files (Serialized files now loaded: 0)
System memory in use before: 84.6 MB.
System memory in use after: 84.6 MB.

Unloading 12 unused Assets to reduce memory usage. Loaded Objects now: 2266.
Total: 2.363800 ms (FindLiveObjects: 0.343600 ms CreateObjectMapping: 0.086600 ms MarkObjects: 1.835200 ms  DeleteObjects: 0.097000 ms)

========================================================================
Received Prepare
Registering precompiled user dll's ...
Registered in 0.000872 seconds.
Begin MonoManager ReloadAssembly
Native extension for WindowsStandalone target not found
Refreshing native plugins compatible for Editor in 0.41 ms, found 1 plugins.
Preloading 0 native plugins for Editor in 0.00 ms.
Invoked RoslynAnalysisRunner static constructor.
RoslynAnalysisRunner will not be running.
RoslynAnalysisRunner has terminated.
Mono: successfully reloaded assembly
- Completed reload, in  0.712 seconds
Platform modules already initialized, skipping
Refreshing native plugins compatible for Editor in 0.37 ms, found 1 plugins.
Preloading 0 native plugins for Editor in 0.00 ms.
Unloading 1785 Unused Serialized files (Serialized files now loaded: 0)
System memory in use before: 84.7 MB.
System memory in use after: 84.7 MB.

Unloading 12 unused Assets to reduce memory usage. Loaded Objects now: 2269.
Total: 2.454900 ms (FindLiveObjects: 0.221000 ms CreateObjectMapping: 0.040800 ms MarkObjects: 2.096600 ms  DeleteObjects: 0.095300 ms)

========================================================================
Received Import Request.
  Time since last request: 244.937317 seconds.
  path: Assets/Scenes/Level2.unity
  artifactKey: Guid(c0da9b837890b5544b890c4f1921eee1) Importer(815301076,1909f56bfc062723c751e8b465ee728b)
Start importing Assets/Scenes/Level2.unity using Guid(c0da9b837890b5544b890c4f1921eee1) Importer(815301076,1909f56bfc062723c751e8b465ee728b)  -> (artifact id: '1693b82f62efd48abd42f597382217fb') in 0.010869 seconds
  Import took 0.013747 seconds .

========================================================================
Received Import Request.
  Time since last request: 11.433475 seconds.
  path: Assets/Scenes/Level1.unity
  artifactKey: Guid(2cda990e2423bbf4892e6590ba056729) Importer(815301076,1909f56bfc062723c751e8b465ee728b)
Start importing Assets/Scenes/Level1.unity using Guid(2cda990e2423bbf4892e6590ba056729) Importer(815301076,1909f56bfc062723c751e8b465ee728b)  -> (artifact id: 'aa00c56fd1fb9f7ef6537b95e76a21e4') in 0.002225 seconds
  Import took 0.005029 seconds .

========================================================================
Received Import Request.
  Time since last request: 7.554932 seconds.
  path: Assets/Scenes/Level1 1.unity
  artifactKey: Guid(d952410670d2c5d459435c53e71793b2) Importer(815301076,1909f56bfc062723c751e8b465ee728b)
Start importing Assets/Scenes/Level1 1.unity using Guid(d952410670d2c5d459435c53e71793b2) Importer(815301076,1909f56bfc062723c751e8b465ee728b)  -> (artifact id: '8049f7419691bad3ff2bc8fcf6684b0c') in 0.002265 seconds
  Import took 0.005017 seconds .

========================================================================
Received Import Request.
  Time since last request: 0.000321 seconds.
  path: Assets/Scenes/Level1 1.unity
  artifactKey: Guid(d952410670d2c5d459435c53e71793b2) Importer(815301076,1909f56bfc062723c751e8b465ee728b)
Start importing Assets/Scenes/Level1 1.unity using Guid(d952410670d2c5d459435c53e71793b2) Importer(815301076,1909f56bfc062723c751e8b465ee728b)  -> (artifact id: '8049f7419691bad3ff2bc8fcf6684b0c') in 0.002049 seconds
  Import took 0.005008 seconds .

========================================================================
Received Import Request.
  Time since last request: 3.793978 seconds.
  path: Assets/Scenes/Level2.unity
  artifactKey: Guid(d952410670d2c5d459435c53e71793b2) Importer(815301076,1909f56bfc062723c751e8b465ee728b)
Start importing Assets/Scenes/Level2.unity using Guid(d952410670d2c5d459435c53e71793b2) Importer(815301076,1909f56bfc062723c751e8b465ee728b)  -> (artifact id: 'f6bbaa673657c883aea245187a6426d3') in 0.002798 seconds
  Import took 0.005731 seconds .

========================================================================
Received Import Request.
  Time since last request: 20.280141 seconds.
  path: Assets/Scenes/Level1 1.unity
  artifactKey: Guid(0e91b94a4449f1a45aebf917e86c51b8) Importer(815301076,1909f56bfc062723c751e8b465ee728b)
Start importing Assets/Scenes/Level1 1.unity using Guid(0e91b94a4449f1a45aebf917e86c51b8) Importer(815301076,1909f56bfc062723c751e8b465ee728b)  -> (artifact id: 'c93f9013fe276afc817942127ed4610d') in 0.002789 seconds
  Import took 0.005616 seconds .

========================================================================
Received Import Request.
  Time since last request: 4.202195 seconds.
  path: Assets/Scenes/Level 3.unity
  artifactKey: Guid(0e91b94a4449f1a45aebf917e86c51b8) Importer(815301076,1909f56bfc062723c751e8b465ee728b)
Start importing Assets/Scenes/Level 3.unity using Guid(0e91b94a4449f1a45aebf917e86c51b8) Importer(815301076,1909f56bfc062723c751e8b465ee728b)  -> (artifact id: 'b2b9044be2a4099deb8262628bbdd8f3') in 0.007716 seconds
  Import took 0.010755 seconds .

========================================================================
Received Import Request.
  Time since last request: 20.532695 seconds.
  path: Assets/Scenes/Level 3.unity
  artifactKey: Guid(0e91b94a4449f1a45aebf917e86c51b8) Importer(815301076,1909f56bfc062723c751e8b465ee728b)
Start importing Assets/Scenes/Level 3.unity using Guid(0e91b94a4449f1a45aebf917e86c51b8) Importer(815301076,1909f56bfc062723c751e8b465ee728b)  -> (artifact id: '43b8103a6cebb23e9893c5db76501369') in 0.002429 seconds
  Import took 0.005261 seconds .

========================================================================
Received Import Request.
  Time since last request: 6.768164 seconds.
  path: Assets/Scenes/Level 4.unity
  artifactKey: Guid(a7043759000287042b4ae6947757348e) Importer(815301076,1909f56bfc062723c751e8b465ee728b)
Start importing Assets/Scenes/Level 4.unity using Guid(a7043759000287042b4ae6947757348e) Importer(815301076,1909f56bfc062723c751e8b465ee728b)  -> (artifact id: '428ee0fc9bd1225e135d322dd9a1fabe') in 0.007813 seconds
  Import took 0.010564 seconds .

========================================================================
Received Import Request.
  Time since last request: 3.250579 seconds.
  path: Assets/Scenes/Menu.unity
  artifactKey: Guid(a7043759000287042b4ae6947757348e) Importer(815301076,1909f56bfc062723c751e8b465ee728b)
Start importing Assets/Scenes/Menu.unity using Guid(a7043759000287042b4ae6947757348e) Importer(815301076,1909f56bfc062723c751e8b465ee728b)  -> (artifact id: 'e9a0f1de84cad6ca20331aea995e3d61') in 0.002379 seconds
  Import took 0.005172 seconds .

========================================================================
Received Import Request.
  Time since last request: 14.204346 seconds.
  path: Assets/Scenes/Menu.unity
  artifactKey: Guid(a7043759000287042b4ae6947757348e) Importer(815301076,1909f56bfc062723c751e8b465ee728b)
Start importing Assets/Scenes/Menu.unity using Guid(a7043759000287042b4ae6947757348e) Importer(815301076,1909f56bfc062723c751e8b465ee728b)  -> (artifact id: '57d1a95c110d0cfb036db6b1a9cdd871') in 0.002881 seconds
  Import took 0.005915 seconds .

========================================================================
Received Import Request.
  Time since last request: 7.152919 seconds.
  path: Assets/Scenes/Level 4.unity
  artifactKey: Guid(92c207bf82fc03c4a9de47f4a1f6f863) Importer(815301076,1909f56bfc062723c751e8b465ee728b)
Start importing Assets/Scenes/Level 4.unity using Guid(92c207bf82fc03c4a9de47f4a1f6f863) Importer(815301076,1909f56bfc062723c751e8b465ee728b)  -> (artifact id: '0f1a64d4d4f468398f9d1813d9c8e226') in 0.002127 seconds
  Import took 0.005173 seconds .

========================================================================
Received Import Request.
  Time since last request: 0.000576 seconds.
  path: Assets/Scenes/Level 4.unity
  artifactKey: Guid(92c207bf82fc03c4a9de47f4a1f6f863) Importer(815301076,1909f56bfc062723c751e8b465ee728b)
Start importing Assets/Scenes/Level 4.unity using Guid(92c207bf82fc03c4a9de47f4a1f6f863) Importer(815301076,1909f56bfc062723c751e8b465ee728b)  -> (artifact id: '0f1a64d4d4f468398f9d1813d9c8e226') in 0.002072 seconds
  Import took 0.004595 seconds .

========================================================================
Received Import Request.
  Time since last request: 3.924633 seconds.
  path: Assets/Scenes/begin.unity
  artifactKey: Guid(92c207bf82fc03c4a9de47f4a1f6f863) Importer(815301076,1909f56bfc062723c751e8b465ee728b)
Start importing Assets/Scenes/begin.unity using Guid(92c207bf82fc03c4a9de47f4a1f6f863) Importer(815301076,1909f56bfc062723c751e8b465ee728b)  -> (artifact id: 'fba9ab97bb2dfd6f2f816728c438a656') in 0.007946 seconds
  Import took 0.011032 seconds .

========================================================================
Received Prepare
Registering precompiled user dll's ...
Registered in 0.000912 seconds.
Begin MonoManager ReloadAssembly
Native extension for WindowsStandalone target not found
Refreshing native plugins compatible for Editor in 0.40 ms, found 1 plugins.
Preloading 0 native plugins for Editor in 0.00 ms.
Invoked RoslynAnalysisRunner static constructor.
RoslynAnalysisRunner will not be running.
RoslynAnalysisRunner has terminated.
Mono: successfully reloaded assembly
- Completed reload, in  0.736 seconds
Platform modules already initialized, skipping
Refreshing native plugins compatible for Editor in 0.44 ms, found 1 plugins.
Preloading 0 native plugins for Editor in 0.00 ms.
Unloading 1785 Unused Serialized files (Serialized files now loaded: 0)
System memory in use before: 84.8 MB.
System memory in use after: 84.8 MB.

Unloading 12 unused Assets to reduce memory usage. Loaded Objects now: 2272.
Total: 2.022500 ms (FindLiveObjects: 0.255300 ms CreateObjectMapping: 0.038200 ms MarkObjects: 1.616000 ms  DeleteObjects: 0.111600 ms)

========================================================================
Received Prepare
Registering precompiled user dll's ...
Registered in 0.000767 seconds.
Begin MonoManager ReloadAssembly
Native extension for WindowsStandalone target not found
Refreshing native plugins compatible for Editor in 0.40 ms, found 1 plugins.
Preloading 0 native plugins for Editor in 0.00 ms.
Invoked RoslynAnalysisRunner static constructor.
RoslynAnalysisRunner will not be running.
RoslynAnalysisRunner has terminated.
Mono: successfully reloaded assembly
- Completed reload, in  0.690 seconds
Platform modules already initialized, skipping
Refreshing native plugins compatible for Editor in 0.31 ms, found 1 plugins.
Preloading 0 native plugins for Editor in 0.00 ms.
Unloading 1785 Unused Serialized files (Serialized files now loaded: 0)
System memory in use before: 84.9 MB.
System memory in use after: 84.9 MB.

Unloading 12 unused Assets to reduce memory usage. Loaded Objects now: 2275.
Total: 2.273500 ms (FindLiveObjects: 0.230400 ms CreateObjectMapping: 0.037100 ms MarkObjects: 1.909000 ms  DeleteObjects: 0.095400 ms)

========================================================================
Received Import Request.
  Time since last request: 130.140527 seconds.
  path: Assets/Scenes/Level2.unity
  artifactKey: Guid(d952410670d2c5d459435c53e71793b2) Importer(815301076,1909f56bfc062723c751e8b465ee728b)
Start importing Assets/Scenes/Level2.unity using Guid(d952410670d2c5d459435c53e71793b2) Importer(815301076,1909f56bfc062723c751e8b465ee728b)  -> (artifact id: '8dd869620fa100e3b76750dd1c93a891') in 0.010630 seconds
  Import took 0.013638 seconds .

========================================================================
Received Import Request.
  Time since last request: 16.123104 seconds.
  path: Assets/Scenes/Level3.unity
  artifactKey: Guid(0e91b94a4449f1a45aebf917e86c51b8) Importer(815301076,1909f56bfc062723c751e8b465ee728b)
Start importing Assets/Scenes/Level3.unity using Guid(0e91b94a4449f1a45aebf917e86c51b8) Importer(815301076,1909f56bfc062723c751e8b465ee728b)  -> (artifact id: 'bff3c39afbae0827b099db82739fa951') in 0.002559 seconds
  Import took 0.005259 seconds .

========================================================================
Received Import Request.
  Time since last request: 13.671981 seconds.
  path: Assets/Scenes/begin.unity
  artifactKey: Guid(92c207bf82fc03c4a9de47f4a1f6f863) Importer(815301076,1909f56bfc062723c751e8b465ee728b)
Start importing Assets/Scenes/begin.unity using Guid(92c207bf82fc03c4a9de47f4a1f6f863) Importer(815301076,1909f56bfc062723c751e8b465ee728b)  -> (artifact id: 'a4f63cfa0c89c6bb85b56964ec04e6c4') in 0.002183 seconds
  Import took 0.005059 seconds .

========================================================================
Received Prepare
Registering precompiled user dll's ...
Registered in 0.001107 seconds.
Begin MonoManager ReloadAssembly
Native extension for WindowsStandalone target not found
Refreshing native plugins compatible for Editor in 0.51 ms, found 1 plugins.
Preloading 0 native plugins for Editor in 0.00 ms.
Invoked RoslynAnalysisRunner static constructor.
RoslynAnalysisRunner will not be running.
RoslynAnalysisRunner has terminated.
Mono: successfully reloaded assembly
- Completed reload, in  0.716 seconds
Platform modules already initialized, skipping
Refreshing native plugins compatible for Editor in 0.38 ms, found 1 plugins.
Preloading 0 native plugins for Editor in 0.00 ms.
Unloading 1785 Unused Serialized files (Serialized files now loaded: 0)
System memory in use before: 84.9 MB.
System memory in use after: 84.9 MB.

Unloading 12 unused Assets to reduce memory usage. Loaded Objects now: 2278.
Total: 2.175000 ms (FindLiveObjects: 0.254500 ms CreateObjectMapping: 0.040700 ms MarkObjects: 1.777500 ms  DeleteObjects: 0.101200 ms)

========================================================================
Received Prepare
Registering precompiled user dll's ...
Registered in 0.000991 seconds.
Begin MonoManager ReloadAssembly
Native extension for WindowsStandalone target not found
Refreshing native plugins compatible for Editor in 0.41 ms, found 1 plugins.
Preloading 0 native plugins for Editor in 0.00 ms.
Invoked RoslynAnalysisRunner static constructor.
RoslynAnalysisRunner will not be running.
RoslynAnalysisRunner has terminated.
Mono: successfully reloaded assembly
- Completed reload, in  0.703 seconds
Platform modules already initialized, skipping
Refreshing native plugins compatible for Editor in 0.36 ms, found 1 plugins.
Preloading 0 native plugins for Editor in 0.00 ms.
Unloading 1785 Unused Serialized files (Serialized files now loaded: 0)
System memory in use before: 85.0 MB.
System memory in use after: 85.0 MB.

Unloading 12 unused Assets to reduce memory usage. Loaded Objects now: 2281.
Total: 2.197700 ms (FindLiveObjects: 0.239800 ms CreateObjectMapping: 0.039400 ms MarkObjects: 1.823100 ms  DeleteObjects: 0.094300 ms)

========================================================================
Received Prepare
Registering precompiled user dll's ...
Registered in 0.000818 seconds.
Begin MonoManager ReloadAssembly
Native extension for WindowsStandalone target not found
Refreshing native plugins compatible for Editor in 0.40 ms, found 1 plugins.
Preloading 0 native plugins for Editor in 0.00 ms.
Invoked RoslynAnalysisRunner static constructor.
RoslynAnalysisRunner will not be running.
RoslynAnalysisRunner has terminated.
Mono: successfully reloaded assembly
- Completed reload, in  0.709 seconds
Platform modules already initialized, skipping
Refreshing native plugins compatible for Editor in 0.38 ms, found 1 plugins.
Preloading 0 native plugins for Editor in 0.00 ms.
Unloading 1788 Unused Serialized files (Serialized files now loaded: 0)
System memory in use before: 85.1 MB.
System memory in use after: 85.1 MB.

Unloading 12 unused Assets to reduce memory usage. Loaded Objects now: 2284.
Total: 2.156100 ms (FindLiveObjects: 0.251100 ms CreateObjectMapping: 0.038300 ms MarkObjects: 1.761300 ms  DeleteObjects: 0.104400 ms)

========================================================================
Received Prepare
Refreshing native plugins compatible for Editor in 1.53 ms, found 1 plugins.
Preloading 0 native plugins for Editor in 0.00 ms.
Unloading 10 Unused Serialized files (Serialized files now loaded: 0)
System memory in use before: 50.1 MB.
System memory in use after: 50.1 MB.

Unloading 10 unused Assets to reduce memory usage. Loaded Objects now: 2284.
Total: 2.515800 ms (FindLiveObjects: 0.309000 ms CreateObjectMapping: 0.055700 ms MarkObjects: 2.045300 ms  DeleteObjects: 0.104800 ms)

========================================================================
Received Prepare
Registering precompiled user dll's ...
Registered in 0.000871 seconds.
Begin MonoManager ReloadAssembly
Native extension for WindowsStandalone target not found
Refreshing native plugins compatible for Editor in 0.42 ms, found 1 plugins.
Preloading 0 native plugins for Editor in 0.00 ms.
Invoked RoslynAnalysisRunner static constructor.
RoslynAnalysisRunner will not be running.
RoslynAnalysisRunner has terminated.
Mono: successfully reloaded assembly
- Completed reload, in  0.695 seconds
Platform modules already initialized, skipping
Refreshing native plugins compatible for Editor in 0.31 ms, found 1 plugins.
Preloading 0 native plugins for Editor in 0.00 ms.
Unloading 1785 Unused Serialized files (Serialized files now loaded: 0)
System memory in use before: 85.2 MB.
System memory in use after: 85.2 MB.

Unloading 12 unused Assets to reduce memory usage. Loaded Objects now: 2287.
Total: 2.310800 ms (FindLiveObjects: 0.271100 ms CreateObjectMapping: 0.045100 ms MarkObjects: 1.895500 ms  DeleteObjects: 0.098100 ms)

========================================================================
Received Prepare
Refreshing native plugins compatible for Editor in 1.52 ms, found 1 plugins.
Preloading 0 native plugins for Editor in 0.00 ms.
Unloading 10 Unused Serialized files (Serialized files now loaded: 0)
System memory in use before: 50.2 MB.
System memory in use after: 50.2 MB.

Unloading 10 unused Assets to reduce memory usage. Loaded Objects now: 2287.
Total: 1.880400 ms (FindLiveObjects: 0.216800 ms CreateObjectMapping: 0.037800 ms MarkObjects: 1.530200 ms  DeleteObjects: 0.094600 ms)

